[0.273s] colcon DEBUG Command line arguments: ['/home/miguel/.local/bin/colcon', 'list', '-p', '--base-paths', '/home/miguel/ros2_ws/src/yasmin', '--log-base', '/dev/null']
[0.274s] colcon DEBUG Parsed command line arguments: Namespace(log_base=None, log_level=None, verb_name='list', build_base='build', ignore_user_meta=False, metas=['./colcon.meta'], base_paths=['/home/miguel/ros2_ws/src/yasmin', '--log-base', '/dev/null'], packages_ignore=None, packages_ignore_regex=None, paths=None, packages_up_to=None, packages_up_to_regex=None, packages_above=None, packages_above_and_dependencies=None, packages_above_depth=None, packages_select_by_dep=None, packages_skip_by_dep=None, packages_skip_up_to=None, packages_select_build_failed=False, packages_skip_build_finished=False, packages_select_test_failures=False, packages_skip_test_passed=False, packages_select=None, packages_skip=None, packages_select_regex=None, packages_skip_regex=None, packages_start=None, packages_end=None, allow_overriding=[], topological_order=False, names_only=False, paths_only=True, topological_graph=False, topological_graph_dot=False, topological_graph_density=False, topological_graph_legend=False, topological_graph_dot_cluster=False, topological_graph_dot_include_skipped=False, mixin_files=None, mixin=None, verb_parser=<colcon_mixin.mixin.mixin_argument.MixinArgumentDecorator object at 0x7d41b3cffe50>, verb_extension=<colcon_package_information.verb.list.ListVerb object at 0x7d41b3cb0fd0>, main=<bound method ListVerb.main of <colcon_package_information.verb.list.ListVerb object at 0x7d41b3cb0fd0>>, mixin_verb=('list',))
[0.339s] colcon.colcon_core.package_discovery Level 1 discover_packages(colcon_meta) check parameters
[0.339s] colcon.colcon_core.package_discovery Level 1 discover_packages(recursive) check parameters
[0.339s] colcon.colcon_core.package_discovery Level 1 discover_packages(ignore) check parameters
[0.339s] colcon.colcon_core.package_discovery Level 1 discover_packages(path) check parameters
[0.339s] colcon.colcon_core.package_discovery Level 1 discover_packages(recursive) discover
[0.339s] colcon.colcon_core.package_discovery INFO Crawling recursively for packages in '/home/miguel/ros2_ws/src/yasmin', '/home/miguel/ros2_ws/src/yasmin/--log-base', '/dev/null'
[0.339s] colcon.colcon_core.package_identification Level 1 _identify(/home/miguel/ros2_ws/src/yasmin) by extensions ['ignore', 'ignore_ament_install']
[0.339s] colcon.colcon_core.package_identification Level 1 _identify(/home/miguel/ros2_ws/src/yasmin) by extension 'ignore'
[0.339s] colcon.colcon_core.package_identification Level 1 _identify(/home/miguel/ros2_ws/src/yasmin) by extension 'ignore_ament_install'
[0.339s] colcon.colcon_core.package_identification Level 1 _identify(/home/miguel/ros2_ws/src/yasmin) by extensions ['colcon_pkg']
[0.339s] colcon.colcon_core.package_identification Level 1 _identify(/home/miguel/ros2_ws/src/yasmin) by extension 'colcon_pkg'
[0.339s] colcon.colcon_core.package_identification Level 1 _identify(/home/miguel/ros2_ws/src/yasmin) by extensions ['colcon_meta']
[0.339s] colcon.colcon_core.package_identification Level 1 _identify(/home/miguel/ros2_ws/src/yasmin) by extension 'colcon_meta'
[0.339s] colcon.colcon_core.package_identification Level 1 _identify(/home/miguel/ros2_ws/src/yasmin) by extensions ['ros']
[0.339s] colcon.colcon_core.package_identification Level 1 _identify(/home/miguel/ros2_ws/src/yasmin) by extension 'ros'
[0.355s] colcon.colcon_core.package_identification Level 1 _identify(/home/miguel/ros2_ws/src/yasmin) by extensions ['cmake', 'python']
[0.355s] colcon.colcon_core.package_identification Level 1 _identify(/home/miguel/ros2_ws/src/yasmin) by extension 'cmake'
[0.355s] colcon.colcon_core.package_identification Level 1 _identify(/home/miguel/ros2_ws/src/yasmin) by extension 'python'
[0.355s] colcon.colcon_core.package_identification Level 1 _identify(/home/miguel/ros2_ws/src/yasmin) by extensions ['python_setup_py']
[0.356s] colcon.colcon_core.package_identification Level 1 _identify(/home/miguel/ros2_ws/src/yasmin) by extension 'python_setup_py'
[0.356s] colcon.colcon_core.package_identification Level 1 _identify(/home/miguel/ros2_ws/src/yasmin/docs) by extensions ['ignore', 'ignore_ament_install']
[0.356s] colcon.colcon_core.package_identification Level 1 _identify(/home/miguel/ros2_ws/src/yasmin/docs) by extension 'ignore'
[0.356s] colcon.colcon_core.package_identification Level 1 _identify(/home/miguel/ros2_ws/src/yasmin/docs) by extension 'ignore_ament_install'
[0.356s] colcon.colcon_core.package_identification Level 1 _identify(/home/miguel/ros2_ws/src/yasmin/docs) by extensions ['colcon_pkg']
[0.356s] colcon.colcon_core.package_identification Level 1 _identify(/home/miguel/ros2_ws/src/yasmin/docs) by extension 'colcon_pkg'
[0.356s] colcon.colcon_core.package_identification Level 1 _identify(/home/miguel/ros2_ws/src/yasmin/docs) by extensions ['colcon_meta']
[0.356s] colcon.colcon_core.package_identification Level 1 _identify(/home/miguel/ros2_ws/src/yasmin/docs) by extension 'colcon_meta'
[0.356s] colcon.colcon_core.package_identification Level 1 _identify(/home/miguel/ros2_ws/src/yasmin/docs) by extensions ['ros']
[0.356s] colcon.colcon_core.package_identification Level 1 _identify(/home/miguel/ros2_ws/src/yasmin/docs) by extension 'ros'
[0.356s] colcon.colcon_core.package_identification Level 1 _identify(/home/miguel/ros2_ws/src/yasmin/docs) by extensions ['cmake', 'python']
[0.356s] colcon.colcon_core.package_identification Level 1 _identify(/home/miguel/ros2_ws/src/yasmin/docs) by extension 'cmake'
[0.356s] colcon.colcon_core.package_identification Level 1 _identify(/home/miguel/ros2_ws/src/yasmin/docs) by extension 'python'
[0.356s] colcon.colcon_core.package_identification Level 1 _identify(/home/miguel/ros2_ws/src/yasmin/docs) by extensions ['python_setup_py']
[0.356s] colcon.colcon_core.package_identification Level 1 _identify(/home/miguel/ros2_ws/src/yasmin/docs) by extension 'python_setup_py'
[0.356s] colcon.colcon_core.package_identification Level 1 _identify(/home/miguel/ros2_ws/src/yasmin/log) by extensions ['ignore', 'ignore_ament_install']
[0.357s] colcon.colcon_core.package_identification Level 1 _identify(/home/miguel/ros2_ws/src/yasmin/log) by extension 'ignore'
[0.357s] colcon.colcon_core.package_identification Level 1 _identify(/home/miguel/ros2_ws/src/yasmin/log) ignored
[0.357s] colcon.colcon_core.package_identification Level 1 _identify(/home/miguel/ros2_ws/src/yasmin/yasmin) by extensions ['ignore', 'ignore_ament_install']
[0.357s] colcon.colcon_core.package_identification Level 1 _identify(/home/miguel/ros2_ws/src/yasmin/yasmin) by extension 'ignore'
[0.357s] colcon.colcon_core.package_identification Level 1 _identify(/home/miguel/ros2_ws/src/yasmin/yasmin) by extension 'ignore_ament_install'
[0.357s] colcon.colcon_core.package_identification Level 1 _identify(/home/miguel/ros2_ws/src/yasmin/yasmin) by extensions ['colcon_pkg']
[0.357s] colcon.colcon_core.package_identification Level 1 _identify(/home/miguel/ros2_ws/src/yasmin/yasmin) by extension 'colcon_pkg'
[0.357s] colcon.colcon_core.package_identification Level 1 _identify(/home/miguel/ros2_ws/src/yasmin/yasmin) by extensions ['colcon_meta']
[0.357s] colcon.colcon_core.package_identification Level 1 _identify(/home/miguel/ros2_ws/src/yasmin/yasmin) by extension 'colcon_meta'
[0.357s] colcon.colcon_core.package_identification Level 1 _identify(/home/miguel/ros2_ws/src/yasmin/yasmin) by extensions ['ros']
[0.357s] colcon.colcon_core.package_identification Level 1 _identify(/home/miguel/ros2_ws/src/yasmin/yasmin) by extension 'ros'
[0.360s] colcon.colcon_core.package_identification DEBUG Package '/home/miguel/ros2_ws/src/yasmin/yasmin' with type 'ros.ament_cmake' and name 'yasmin'
[0.360s] colcon.colcon_core.package_identification Level 1 _identify(/home/miguel/ros2_ws/src/yasmin/yasmin_demos) by extensions ['ignore', 'ignore_ament_install']
[0.360s] colcon.colcon_core.package_identification Level 1 _identify(/home/miguel/ros2_ws/src/yasmin/yasmin_demos) by extension 'ignore'
[0.360s] colcon.colcon_core.package_identification Level 1 _identify(/home/miguel/ros2_ws/src/yasmin/yasmin_demos) by extension 'ignore_ament_install'
[0.360s] colcon.colcon_core.package_identification Level 1 _identify(/home/miguel/ros2_ws/src/yasmin/yasmin_demos) by extensions ['colcon_pkg']
[0.360s] colcon.colcon_core.package_identification Level 1 _identify(/home/miguel/ros2_ws/src/yasmin/yasmin_demos) by extension 'colcon_pkg'
[0.360s] colcon.colcon_core.package_identification Level 1 _identify(/home/miguel/ros2_ws/src/yasmin/yasmin_demos) by extensions ['colcon_meta']
[0.360s] colcon.colcon_core.package_identification Level 1 _identify(/home/miguel/ros2_ws/src/yasmin/yasmin_demos) by extension 'colcon_meta'
[0.360s] colcon.colcon_core.package_identification Level 1 _identify(/home/miguel/ros2_ws/src/yasmin/yasmin_demos) by extensions ['ros']
[0.360s] colcon.colcon_core.package_identification Level 1 _identify(/home/miguel/ros2_ws/src/yasmin/yasmin_demos) by extension 'ros'
[0.361s] colcon.colcon_core.package_identification DEBUG Package '/home/miguel/ros2_ws/src/yasmin/yasmin_demos' with type 'ros.ament_cmake' and name 'yasmin_demos'
[0.362s] colcon.colcon_core.package_identification Level 1 _identify(/home/miguel/ros2_ws/src/yasmin/yasmin_editor) by extensions ['ignore', 'ignore_ament_install']
[0.362s] colcon.colcon_core.package_identification Level 1 _identify(/home/miguel/ros2_ws/src/yasmin/yasmin_editor) by extension 'ignore'
[0.362s] colcon.colcon_core.package_identification Level 1 _identify(/home/miguel/ros2_ws/src/yasmin/yasmin_editor) by extension 'ignore_ament_install'
[0.362s] colcon.colcon_core.package_identification Level 1 _identify(/home/miguel/ros2_ws/src/yasmin/yasmin_editor) by extensions ['colcon_pkg']
[0.362s] colcon.colcon_core.package_identification Level 1 _identify(/home/miguel/ros2_ws/src/yasmin/yasmin_editor) by extension 'colcon_pkg'
[0.362s] colcon.colcon_core.package_identification Level 1 _identify(/home/miguel/ros2_ws/src/yasmin/yasmin_editor) by extensions ['colcon_meta']
[0.362s] colcon.colcon_core.package_identification Level 1 _identify(/home/miguel/ros2_ws/src/yasmin/yasmin_editor) by extension 'colcon_meta'
[0.362s] colcon.colcon_core.package_identification Level 1 _identify(/home/miguel/ros2_ws/src/yasmin/yasmin_editor) by extensions ['ros']
[0.362s] colcon.colcon_core.package_identification Level 1 _identify(/home/miguel/ros2_ws/src/yasmin/yasmin_editor) by extension 'ros'
[0.363s] colcon.colcon_core.package_identification DEBUG Package '/home/miguel/ros2_ws/src/yasmin/yasmin_editor' with type 'ros.ament_cmake' and name 'yasmin_editor'
[0.363s] colcon.colcon_core.package_identification Level 1 _identify(/home/miguel/ros2_ws/src/yasmin/yasmin_factory) by extensions ['ignore', 'ignore_ament_install']
[0.363s] colcon.colcon_core.package_identification Level 1 _identify(/home/miguel/ros2_ws/src/yasmin/yasmin_factory) by extension 'ignore'
[0.363s] colcon.colcon_core.package_identification Level 1 _identify(/home/miguel/ros2_ws/src/yasmin/yasmin_factory) by extension 'ignore_ament_install'
[0.364s] colcon.colcon_core.package_identification Level 1 _identify(/home/miguel/ros2_ws/src/yasmin/yasmin_factory) by extensions ['colcon_pkg']
[0.364s] colcon.colcon_core.package_identification Level 1 _identify(/home/miguel/ros2_ws/src/yasmin/yasmin_factory) by extension 'colcon_pkg'
[0.364s] colcon.colcon_core.package_identification Level 1 _identify(/home/miguel/ros2_ws/src/yasmin/yasmin_factory) by extensions ['colcon_meta']
[0.364s] colcon.colcon_core.package_identification Level 1 _identify(/home/miguel/ros2_ws/src/yasmin/yasmin_factory) by extension 'colcon_meta'
[0.364s] colcon.colcon_core.package_identification Level 1 _identify(/home/miguel/ros2_ws/src/yasmin/yasmin_factory) by extensions ['ros']
[0.364s] colcon.colcon_core.package_identification Level 1 _identify(/home/miguel/ros2_ws/src/yasmin/yasmin_factory) by extension 'ros'
[0.366s] colcon.colcon_core.package_identification DEBUG Package '/home/miguel/ros2_ws/src/yasmin/yasmin_factory' with type 'ros.ament_cmake' and name 'yasmin_factory'
[0.366s] colcon.colcon_core.package_identification Level 1 _identify(/home/miguel/ros2_ws/src/yasmin/yasmin_msgs) by extensions ['ignore', 'ignore_ament_install']
[0.367s] colcon.colcon_core.package_identification Level 1 _identify(/home/miguel/ros2_ws/src/yasmin/yasmin_msgs) by extension 'ignore'
[0.367s] colcon.colcon_core.package_identification Level 1 _identify(/home/miguel/ros2_ws/src/yasmin/yasmin_msgs) by extension 'ignore_ament_install'
[0.367s] colcon.colcon_core.package_identification Level 1 _identify(/home/miguel/ros2_ws/src/yasmin/yasmin_msgs) by extensions ['colcon_pkg']
[0.367s] colcon.colcon_core.package_identification Level 1 _identify(/home/miguel/ros2_ws/src/yasmin/yasmin_msgs) by extension 'colcon_pkg'
[0.367s] colcon.colcon_core.package_identification Level 1 _identify(/home/miguel/ros2_ws/src/yasmin/yasmin_msgs) by extensions ['colcon_meta']
[0.367s] colcon.colcon_core.package_identification Level 1 _identify(/home/miguel/ros2_ws/src/yasmin/yasmin_msgs) by extension 'colcon_meta'
[0.367s] colcon.colcon_core.package_identification Level 1 _identify(/home/miguel/ros2_ws/src/yasmin/yasmin_msgs) by extensions ['ros']
[0.367s] colcon.colcon_core.package_identification Level 1 _identify(/home/miguel/ros2_ws/src/yasmin/yasmin_msgs) by extension 'ros'
[0.369s] colcon.colcon_core.package_identification DEBUG Package '/home/miguel/ros2_ws/src/yasmin/yasmin_msgs' with type 'ros.ament_cmake' and name 'yasmin_msgs'
[0.369s] colcon.colcon_core.package_identification Level 1 _identify(/home/miguel/ros2_ws/src/yasmin/yasmin_ros) by extensions ['ignore', 'ignore_ament_install']
[0.369s] colcon.colcon_core.package_identification Level 1 _identify(/home/miguel/ros2_ws/src/yasmin/yasmin_ros) by extension 'ignore'
[0.369s] colcon.colcon_core.package_identification Level 1 _identify(/home/miguel/ros2_ws/src/yasmin/yasmin_ros) by extension 'ignore_ament_install'
[0.369s] colcon.colcon_core.package_identification Level 1 _identify(/home/miguel/ros2_ws/src/yasmin/yasmin_ros) by extensions ['colcon_pkg']
[0.369s] colcon.colcon_core.package_identification Level 1 _identify(/home/miguel/ros2_ws/src/yasmin/yasmin_ros) by extension 'colcon_pkg'
[0.369s] colcon.colcon_core.package_identification Level 1 _identify(/home/miguel/ros2_ws/src/yasmin/yasmin_ros) by extensions ['colcon_meta']
[0.369s] colcon.colcon_core.package_identification Level 1 _identify(/home/miguel/ros2_ws/src/yasmin/yasmin_ros) by extension 'colcon_meta'
[0.370s] colcon.colcon_core.package_identification Level 1 _identify(/home/miguel/ros2_ws/src/yasmin/yasmin_ros) by extensions ['ros']
[0.370s] colcon.colcon_core.package_identification Level 1 _identify(/home/miguel/ros2_ws/src/yasmin/yasmin_ros) by extension 'ros'
[0.371s] colcon.colcon_core.package_identification DEBUG Package '/home/miguel/ros2_ws/src/yasmin/yasmin_ros' with type 'ros.ament_cmake' and name 'yasmin_ros'
[0.372s] colcon.colcon_core.package_identification Level 1 _identify(/home/miguel/ros2_ws/src/yasmin/yasmin_viewer) by extensions ['ignore', 'ignore_ament_install']
[0.372s] colcon.colcon_core.package_identification Level 1 _identify(/home/miguel/ros2_ws/src/yasmin/yasmin_viewer) by extension 'ignore'
[0.372s] colcon.colcon_core.package_identification Level 1 _identify(/home/miguel/ros2_ws/src/yasmin/yasmin_viewer) by extension 'ignore_ament_install'
[0.372s] colcon.colcon_core.package_identification Level 1 _identify(/home/miguel/ros2_ws/src/yasmin/yasmin_viewer) by extensions ['colcon_pkg']
[0.372s] colcon.colcon_core.package_identification Level 1 _identify(/home/miguel/ros2_ws/src/yasmin/yasmin_viewer) by extension 'colcon_pkg'
[0.372s] colcon.colcon_core.package_identification Level 1 _identify(/home/miguel/ros2_ws/src/yasmin/yasmin_viewer) by extensions ['colcon_meta']
[0.372s] colcon.colcon_core.package_identification Level 1 _identify(/home/miguel/ros2_ws/src/yasmin/yasmin_viewer) by extension 'colcon_meta'
[0.372s] colcon.colcon_core.package_identification Level 1 _identify(/home/miguel/ros2_ws/src/yasmin/yasmin_viewer) by extensions ['ros']
[0.372s] colcon.colcon_core.package_identification Level 1 _identify(/home/miguel/ros2_ws/src/yasmin/yasmin_viewer) by extension 'ros'
[0.374s] colcon.colcon_core.package_identification DEBUG Package '/home/miguel/ros2_ws/src/yasmin/yasmin_viewer' with type 'ros.ament_cmake' and name 'yasmin_viewer'
[0.374s] colcon.colcon_core.package_discovery Level 1 discover_packages(recursive) using defaults
